<?xml version="1.0" encoding="UTF-8"?>
<!-- Generated by org.testng.reporters.JUnitReportReporter -->
<testsuite hostname="LTIN205424" failures="0" tests="16" name="Tests.OneCognizantTest" time="145.539" errors="0" timestamp="2024-05-01T12:29:12 IST" skipped="0">
  <testcase classname="Tests.OneCognizantTest" name="gsdSearch" time="5.848"/>
  <testcase classname="Tests.OneCognizantTest" name="gsdSearch" time="2.820"/>
  <testcase classname="Tests.OneCognizantTest" name="welcomeMsgValidation" time="10.312"/>
  <testcase classname="Tests.OneCognizantTest" name="welcomeMsgValidation" time="10.728"/>
  <testcase classname="Tests.OneCognizantTest" name="validateDefaultCountry" time="0.129"/>
  <testcase classname="Tests.OneCognizantTest" name="validateDefaultCountry" time="0.064"/>
  <testcase classname="Tests.OneCognizantTest" name="validateDefaultLanguage" time="0.143"/>
  <testcase classname="Tests.OneCognizantTest" name="validateDefaultLanguage" time="0.062"/>
  <testcase classname="Tests.OneCognizantTest" name="allLanguage" time="0.764"/>
  <testcase classname="Tests.OneCognizantTest" name="allLanguage" time="0.592"/>
  <testcase classname="Tests.OneCognizantTest" name="allCountry" time="13.207"/>
  <testcase classname="Tests.OneCognizantTest" name="allCountry" time="12.266"/>
  <testcase classname="Tests.OneCognizantTest" name="toolPins" time="36.970"/>
  <testcase classname="Tests.OneCognizantTest" name="toolPins" time="26.031"/>
  <testcase classname="Tests.OneCognizantTest" name="tearDown" time="14.108"/>
  <testcase classname="Tests.OneCognizantTest" name="tearDown" time="11.495"/>
</testsuite> <!-- Tests.OneCognizantTest -->
