<?xml version="1.0" encoding="UTF-8"?>
<!-- Generated by org.testng.reporters.JUnitReportReporter -->
<testsuite hostname="LTIN205424" failures="0" tests="8" name="Tests.beCognizantTest" time="93.334" errors="0" timestamp="2024-05-01T12:29:12 IST" skipped="0">
  <testcase classname="Tests.beCognizantTest" name="setup" time="13.625"/>
  <testcase classname="Tests.beCognizantTest" name="setup" time="11.741"/>
  <testcase classname="Tests.beCognizantTest" name="userInformation" time="27.474"/>
  <testcase classname="Tests.beCognizantTest" name="userInformation" time="25.380"/>
  <testcase classname="Tests.beCognizantTest" name="navigatingToOneCognizant" time="7.075"/>
  <testcase classname="Tests.beCognizantTest" name="navigatingToOneCognizant" time="6.698"/>
  <testcase classname="Tests.beCognizantTest" name="windowHandle" time="1.166"/>
  <testcase classname="Tests.beCognizantTest" name="windowHandle" time="0.175"/>
</testsuite> <!-- Tests.beCognizantTest -->
